Vercel CLI 55.0.0 (Node.js 24.16.0)
Retrieving project…
Deploying krishnakushwah75011-bits-projects/hermes-polymarket-bot
Uploading [--------------------] (0.0B/124B)
Uploading [====================] (124.0B/124B)
  Inspect         https://vercel.com/krishnakushwah75011-bits-projects/hermes-polymarket-bot/D16QZvLuRP4irbdp6ZQVBvQYAW8c
  Production      https://hermes-polymarket-n91oa0dei-krishnakushwah75011-bits-projects.vercel.app
https://hermes-polymarket-n91oa0dei-krishnakushwah75011-bits-projects.vercel.appBuilding…
Running build in Washington, D.C., USA (East) – iad1
Build machine configuration: 2 cores, 8 GB
Retrieving list of deployment files...
Previous build caches not available.
Downloading 89 deployment files...
Downloading 89 deployment files...
Running "vercel build"
Vercel CLI 55.0.0
Running "install" command: `npm install`...
npm warn deprecated rimraf@3.0.2: Rimraf versions prior to v4 are no longer supported
npm warn deprecated inflight@1.0.6: This module is not supported, and leaks memory. Do not use it. Check out lru-cache if you want a good and tested way to coalesce async requests by a key value, which is much more comprehensive and powerful.
npm warn deprecated @humanwhocodes/config-array@0.13.0: Use @eslint/config-array instead
npm warn deprecated @humanwhocodes/object-schema@2.0.3: Use @eslint/object-schema instead
npm warn deprecated glob@7.2.3: Old versions of glob are not supported, and contain widely publicized security vulnerabilities, which have been fixed in the current version. Please update. Support for old versions may be purchased (at exorbitant rates) by contacting i@izs.me
npm warn deprecated glob@10.3.10: Old versions of glob are not supported, and contain widely publicized security vulnerabilities, which have been fixed in the current version. Please update. Support for old versions may be purchased (at exorbitant rates) by contacting i@izs.me
npm warn deprecated recharts@2.15.4: 1.x and 2.x branches are no longer active. Bump to Recharts v3 to receive latest features and bugfixes. See https://github.com/recharts/recharts/wiki/3.0-migration-guide
npm warn deprecated eslint@8.57.1: This version is no longer supported. Please see https://eslint.org/version-support for other options.
> hermes-polymarket-bot@1.0.0 postinstall
> prisma generate
Environment variables loaded from .env
Prisma schema loaded from prisma/schema.prisma
✔ Generated Prisma Client (v5.22.0) to ./node_modules/@prisma/client in 150ms
Start by importing your Prisma Client (See: https://pris.ly/d/importing-client)
Tip: Want real-time updates to your database without manual polling? Discover how with Pulse: https://pris.ly/tip-0-pulse
added 523 packages, and audited 524 packages in 26s
182 packages are looking for funding
run `npm fund` for details
9 vulnerabilities (3 moderate, 5 high, 1 critical)
To address all issues (including breaking changes), run:
npm audit fix --force
Run `npm audit` for details.
Detected Next.js version: 14.2.35
Running "npm run build:vercel"
> hermes-polymarket-bot@1.0.0 build:vercel
> prisma generate && next build
Environment variables loaded from .env
Prisma schema loaded from prisma/schema.prisma
✔ Generated Prisma Client (v5.22.0) to ./node_modules/@prisma/client in 159ms
Start by importing your Prisma Client (See: https://pris.ly/d/importing-client)
Tip: Need your database queries to be 1000x faster? Accelerate offers you that and more: https://pris.ly/tip-2-accelerate
┌─────────────────────────────────────────────────────────┐
│  Update available 5.22.0 -> 7.8.0                       │
│                                                         │
│  This is a major update - please follow the guide at    │
│  https://pris.ly/d/major-version-upgrade                │
│                                                         │
│  Run the following to update                            │
│    npm i --save-dev prisma@latest                       │
│    npm i @prisma/client@latest                          │
└─────────────────────────────────────────────────────────┘
Attention: Next.js now collects completely anonymous telemetry regarding usage.
This information is used to shape Next.js' roadmap and prioritize features.
You can learn more, including how to opt-out if you'd not like to participate in this anonymous program, by visiting the following URL:
https://nextjs.org/telemetry
▲ Next.js 14.2.35
- Environments: .env
Creating an optimized production build ...
Failed to compile.
./src/app/dashboard/overview/page.tsx
Error:
x Unexpected token `div`. Expected jsx identifier
,-[/vercel/path0/src/app/dashboard/overview/page.tsx:100:1]
100 |   const range = maxPnl - minPnl || 1;
101 |
102 |   return (
103 |     <div className="h-48 relative">
:      ^^^
104 |       <svg className="w-full h-full" viewBox="0 0 600 200" preserveAspectRatio="none">
105 |         <defs>
106 |           <linearGradient id="areaGradient" x1="0" y1="0" x2="0" y2="1">
`----
Caused by:
Syntax Error
Import trace for requested module:
./src/app/dashboard/overview/page.tsx
> Build failed because of webpack errors
Error: Command "npm run build:vercel" exited with 1
Error: Command "npm run build:vercel" exited with 1
